<?xml version="1.0" encoding="UTF-8" ?>
<testsuite errors="0" failures="0" hostname="gaga" name="nordstromeval.MemcacheTest" skipped="0" tests="3" time="0.964" timestamp="2020-08-14T00:56:41">
  <properties>
    <property name="libs.jsp-compiler.javadoc" value="" />
    <property name="netbeans.autoupdate.country" value="US" />
    <property name="nb.wait.for.caches" value="true" />
    <property name="javac.test.classpath" value=":build/classes:/home/fluffy/netbeans/platform/modules/ext/junit-4.12.jar:/home/fluffy/netbeans/platform/modules/ext/hamcrest-core-1.3.jar" />
    <property name="libs.jsf20.maven-pom" value="" />
    <property name="javac.test.sourcepath" value="/home/fluffy/src/NordstromEvaluation/build/empty" />
    <property name="libs.spring-webmvc4.0.src" value="" />
    <property name="ant.core.lib" value="/home/fluffy/netbeans/extide/ant/lib/ant.jar" />
    <property name="javadoc.windowtitle" value="" />
    <property name="libs.jsp-compilation.javadoc" value="" />
    <property name="user.dir" value="/home/fluffy/src/NordstromEvaluation" />
    <property name="libs.javaee-api-7.0.src" value="" />
    <property name="java.vm.version" value="25.252-b09" />
    <property name="libs.eclipselinkmodelgen.src" value="" />
    <property name="jlink.additionalmodules" value="" />
    <property name="javadoc.notree" value="false" />
    <property name="netbeans.autoupdate.version" value="1.23" />
    <property name="libs.EclipseLink-GlassFish-v3.classpath" value="/home/fluffy/glassfish-4.0/glassfish/modules/org.eclipse.persistence.oracle.jar:/home/fluffy/glassfish-4.0/glassfish/modules/org.eclipse.persistence.asm.jar:/home/fluffy/glassfish-4.0/glassfish/modules/org.eclipse.persistence.core.jar:/home/fluffy/glassfish-4.0/glassfish/modules/org.eclipse.persistence.moxy.jar:/home/fluffy/glassfish-4.0/glassfish/modules/org.eclipse.persistence.jpa.jar:/home/fluffy/glassfish-4.0/glassfish/modules/org.eclipse.persistence.antlr.jar:/home/fluffy/glassfish-4.0/glassfish/modules/org.eclipse.persistence.jpa.jpql.jar:/home/fluffy/glassfish-4.0/glassfish/modules/org.eclipse.persistence.jpa.modelgen.processor.jar:/home/fluffy/glassfish-4.0/glassfish/modules/org.eclipse.persistence.dbws.jar:/home/fluffy/glassfish-4.0/glassfish/modules/javax.persistence.jar" />
    <property name="libs.javaee-web-api-6.0.classpath" value="/home/fluffy/netbeans/enterprise/modules/ext/javaee-web-api-6.0.jar" />
    <property name="libs.Java-EE-GlassFish-v3-Prelude.javadoc" value="/home/fluffy/netbeans/enterprise/docs/javaee-doc-api.jar" />
    <property name="javac.profile.cmd.line.arg" value="" />
    <property name="jdk.home" value="/opt/icedtea-bin-3.16.0" />
    <property name="libs.javac-api.src" value="" />
    <property name="javadoc.noindex" value="false" />
    <property name="sun.os.patch.level" value="unknown" />
    <property name="libs.Java-EE-GlassFish-v3-Prelude.src" value="" />
    <property name="do.archive+manifest.available" value="true" />
    <property name="java.vm.specification.name" value="Java Virtual Machine Specification" />
    <property name="nb.show.statistics.ui" value="usageStatisticsEnabled" />
    <property name="netbeans.autoupdate.variant" value="" />
    <property name="have.tests" value="true" />
    <property name="org.xml.sax.driver" value="com.sun.org.apache.xerces.internal.jaxp.SAXParserImpl$JAXPSAXParser" />
    <property name="libs.hamcrest.classpath" value="/home/fluffy/netbeans/platform/modules/ext/hamcrest-core-1.3.jar" />
    <property name="libs.javac-api.javadoc" value="" />
    <property name="os.name" value="Linux" />
    <property name="jdk.gtk.version" value="2.2" />
    <property name="libs.javaee-endorsed-api-7.0.maven-pom" value="" />
    <property name="ap.proc.none.internal" value="" />
    <property name="libs.restapi.javadoc" value="" />
    <property name="libs.JWSAntTasks.maven-pom" value="" />
    <property name="libs.jstl.classpath" value="/home/fluffy/netbeans/enterprise/modules/ext/jstl-impl.jar:/home/fluffy/netbeans/enterprise/modules/ext/jstl-api.jar" />
    <property name="libs.testng.src" value="" />
    <property name="libs.spring-webmvc3.0.src" value="" />
    <property name="libs.restapi.classpath" value="/home/fluffy/netbeans/enterprise/modules/ext/jaxrs-2.0/javax.ws.rs-api-2.0.jar" />
    <property name="java.vendor.url.bug" value="https://icedtea.classpath.org/bugzilla" />
    <property name="libs.jaxb.maven-pom" value="" />
    <property name="os.arch" value="amd64" />
    <property name="libs.eclipselink.src" value="" />
    <property name="user.name" value="fluffy" />
    <property name="libs.jsf12.javadoc" value="/home/fluffy/netbeans/enterprise/docs/javaee-doc-api.jar" />
    <property name="libs.Comet-GlassFish-v3.javadoc" value="" />
    <property name="copylibs.rebase" value="true" />
    <property name="libs.spring-webmvc5.0.javadoc" value="" />
    <property name="libs.spring-framework500.classpath" value="/home/fluffy/netbeans/ide/modules/org-apache-commons-logging.jar:/home/fluffy/netbeans/java/modules/ext/cglib-2.2.jar:/home/fluffy/netbeans/java/modules/ext/spring-5/spring-aop-5.2.2.RELEASE.jar:/home/fluffy/netbeans/java/modules/ext/spring-5/spring-aspects-5.2.2.RELEASE.jar:/home/fluffy/netbeans/java/modules/ext/spring-5/spring-beans-5.2.2.RELEASE.jar:/home/fluffy/netbeans/java/modules/ext/spring-5/spring-context-5.2.2.RELEASE.jar:/home/fluffy/netbeans/java/modules/ext/spring-5/spring-context-indexer-5.2.2.RELEASE.jar:/home/fluffy/netbeans/java/modules/ext/spring-5/spring-context-support-5.2.2.RELEASE.jar:/home/fluffy/netbeans/java/modules/ext/spring-5/spring-core-5.2.2.RELEASE.jar:/home/fluffy/netbeans/java/modules/ext/spring-5/spring-expression-5.2.2.RELEASE.jar:/home/fluffy/netbeans/java/modules/ext/spring-5/spring-instrument-5.2.2.RELEASE.jar:/home/fluffy/netbeans/java/modules/ext/spring-5/spring-jcl-5.2.2.RELEASE.jar:/home/fluffy/netbeans/java/modules/ext/spring-5/spring-jdbc-5.2.2.RELEASE.jar:/home/fluffy/netbeans/java/modules/ext/spring-5/spring-jms-5.2.2.RELEASE.jar:/home/fluffy/netbeans/java/modules/ext/spring-5/spring-messaging-5.2.2.RELEASE.jar:/home/fluffy/netbeans/java/modules/ext/spring-5/spring-orm-5.2.2.RELEASE.jar:/home/fluffy/netbeans/java/modules/ext/spring-5/spring-oxm-5.2.2.RELEASE.jar:/home/fluffy/netbeans/java/modules/ext/spring-5/spring-test-5.2.2.RELEASE.jar:/home/fluffy/netbeans/java/modules/ext/spring-5/spring-tx-5.2.2.RELEASE.jar:/home/fluffy/netbeans/java/modules/ext/spring-5/spring-web-5.2.2.RELEASE.jar:/home/fluffy/netbeans/java/modules/ext/spring-5/spring-webflux-5.2.2.RELEASE.jar:/home/fluffy/netbeans/java/modules/ext/spring-5/spring-webmvc-5.2.2.RELEASE.jar:/home/fluffy/netbeans/java/modules/ext/spring-5/spring-websocket-5.2.2.RELEASE.jar" />
    <property name="libs.spring-webmvc3.0.maven-pom" value="" />
    <property name="sun.java.command" value="org.apache.tools.ant.taskdefs.optional.junit.JUnitTestRunner nordstromeval.MemcacheTest skipNonTests=false filtertrace=true haltOnError=false haltOnFailure=false showoutput=true outputtoformatters=true logfailedtests=true threadid=0 logtestlistenerevents=true formatter=org.apache.tools.ant.taskdefs.optional.junit.BriefJUnitResultFormatter formatter=org.apache.tools.ant.taskdefs.optional.junit.XMLJUnitResultFormatter,/home/fluffy/src/NordstromEvaluation/build/test/results/TEST-nordstromeval.MemcacheTest.xml crashfile=/home/fluffy/src/NordstromEvaluation/build/junitvmwatcher7881622939268076585.properties propsfile=/home/fluffy/src/NordstromEvaluation/build/junit5173367111582290732.properties" />
    <property name="build.classes.dir" value="build/classes" />
    <property name="build.sysclasspath" value="ignore" />
    <property name="manifest.encoding" value="UTF-8" />
    <property name="ap.supported.internal" value="true" />
    <property name="java.failonerror" value="true" />
    <property name="libs.javaee-api-8.0.maven-pom" value="" />
    <property name="run.modulepath" value="" />
    <property name="libs.javaee-endorsed-api-7.0.javadoc" value="/home/fluffy/netbeans/enterprise/docs/javaee-doc-api.jar" />
    <property name="libs.jaxws21.javadoc" value="/home/fluffy/netbeans/java/docs/jaxws-api-doc.zip" />
    <property name="libs.spring-webmvc4.0.javadoc" value="" />
    <property name="includes" value="**" />
    <property name="user.country" value="US" />
    <property name="manifest.file" value="manifest.mf" />
    <property name="javadoc.encoding" value="UTF-8" />
    <property name="javac.classpath" value="" />
    <property name="libs.jsp-compilation-syscp.src" value="" />
    <property name="libs.JAVADB_DRIVER_LABEL.src" value="" />
    <property name="libs.spring-framework400.classpath" value="/home/fluffy/netbeans/ide/modules/org-apache-commons-logging.jar:/home/fluffy/netbeans/java/modules/ext/cglib-2.2.jar:/home/fluffy/netbeans/java/modules/ext/spring-4/spring-aop-4.3.25.RELEASE.jar:/home/fluffy/netbeans/java/modules/ext/spring-4/spring-aspects-4.3.25.RELEASE.jar:/home/fluffy/netbeans/java/modules/ext/spring-4/spring-beans-4.3.25.RELEASE.jar:/home/fluffy/netbeans/java/modules/ext/spring-4/spring-context-4.3.25.RELEASE.jar:/home/fluffy/netbeans/java/modules/ext/spring-4/spring-context-support-4.3.25.RELEASE.jar:/home/fluffy/netbeans/java/modules/ext/spring-4/spring-core-4.3.25.RELEASE.jar:/home/fluffy/netbeans/java/modules/ext/spring-4/spring-expression-4.3.25.RELEASE.jar:/home/fluffy/netbeans/java/modules/ext/spring-4/spring-instrument-4.3.25.RELEASE.jar:/home/fluffy/netbeans/java/modules/ext/spring-4/spring-instrument-tomcat-4.3.25.RELEASE.jar:/home/fluffy/netbeans/java/modules/ext/spring-4/spring-jdbc-4.3.25.RELEASE.jar:/home/fluffy/netbeans/java/modules/ext/spring-4/spring-jms-4.3.25.RELEASE.jar:/home/fluffy/netbeans/java/modules/ext/spring-4/spring-messaging-4.3.25.RELEASE.jar:/home/fluffy/netbeans/java/modules/ext/spring-4/spring-orm-4.3.25.RELEASE.jar:/home/fluffy/netbeans/java/modules/ext/spring-4/spring-oxm-4.3.25.RELEASE.jar:/home/fluffy/netbeans/java/modules/ext/spring-4/spring-test-4.3.25.RELEASE.jar:/home/fluffy/netbeans/java/modules/ext/spring-4/spring-tx-4.3.25.RELEASE.jar:/home/fluffy/netbeans/java/modules/ext/spring-4/spring-web-4.3.25.RELEASE.jar:/home/fluffy/netbeans/java/modules/ext/spring-4/spring-webmvc-4.3.25.RELEASE.jar:/home/fluffy/netbeans/java/modules/ext/spring-4/spring-webmvc-portlet-4.3.25.RELEASE.jar:/home/fluffy/netbeans/java/modules/ext/spring-4/spring-websocket-4.3.25.RELEASE.jar" />
    <property name="debug-transport" value="dt_socket" />
    <property name="netbeans.home" value="/home/fluffy/netbeans/platform" />
    <property name="build.compiler.emacs" value="true" />
    <property name="libs.javaee-web-api-6.0.src" value="" />
    <property name="libs.jsp-compilation-syscp.classpath" value="/home/fluffy/netbeans/extide/ant/lib/ant.jar:/home/fluffy/netbeans/enterprise/modules/ext/servlet3.1-jsp2.3-api.jar:/home/fluffy/netbeans/enterprise/modules/ext/glassfish-jspparser-4.0.jar:/home/fluffy/netbeans/enterprise/modules/ext/jstl-impl.jar:/home/fluffy/netbeans/enterprise/modules/ext/jsf-2_2/javax.faces.jar" />
    <property name="javac.modulepath" value="" />
    <property name="java.endorsed.dirs" value="/opt/icedtea-bin-3.16.0/jre/lib/endorsed" />
    <property name="libs.Comet-GlassFish-v3.maven-pom" value="" />
    <property name="libs.groovy-all.src" value="" />
    <property name="libs.junit_5.src" value="/home/fluffy/netbeans/platform/docs/junit-jupiter-api-5.6.0-sources.jar:/home/fluffy/netbeans/platform/docs/junit-jupiter-params-5.6.0-sources.jar:/home/fluffy/netbeans/platform/docs/junit-jupiter-engine-5.6.0-sources.jar" />
    <property name="netbeans.dynamic.classpath" value="/home/fluffy/netbeans/platform/core/asm-7.2.jar:/home/fluffy/netbeans/platform/core/core.jar:/home/fluffy/netbeans/platform/core/asm-commons-7.2.jar:/home/fluffy/netbeans/platform/core/asm-tree-7.2.jar:/home/fluffy/netbeans/platform/core/org-openide-filesystems-compat8.jar:/home/fluffy/netbeans/platform/core/org-netbeans-libs-asm.jar:/home/fluffy/netbeans/platform/core/core-base.jar:/home/fluffy/netbeans/platform/core/asm-all-5.0.1.jar:/home/fluffy/netbeans/platform/core/org-openide-filesystems.jar:/home/fluffy/netbeans/nb/core/org-netbeans-upgrader.jar:/home/fluffy/netbeans/nb/core/locale/core_nb.jar" />
    <property name="libs.maven-dependencies.classpath" value="/home/fluffy/netbeans/enterprise/modules/ext/javaee6-endorsed/javax.annotation.jar:/home/fluffy/netbeans/enterprise/modules/ext/javaee6-endorsed/jaxb-api-osgi.jar:/home/fluffy/netbeans/enterprise/modules/ext/javaee6-endorsed/webservices-api-osgi.jar" />
    <property name="java.vm.specification.version" value="1.8" />
    <property name="plugin.manager.check.updates" value="false" />
    <property name="libs.primefaces.classpath" value="/home/fluffy/netbeans/enterprise/modules/ext/primefaces/primefaces-5.0.jar" />
    <property name="libs.javaee-api-6.0.classpath" value="/home/fluffy/netbeans/enterprise/modules/ext/javaee-api-6.0.jar" />
    <property name="libs.groovy-all.maven-pom" value="" />
    <property name="netbeans.productversion" value="Apache NetBeans IDE 12.0" />
    <property name="libs.jaxws21.src" value="" />
    <property name="do.archive" value="true" />
    <property name="libs.spring-webmvc5.0.classpath" value="/home/fluffy/netbeans/java/modules/ext/spring-5/spring-webmvc-5.2.2.RELEASE.jar" />
    <property name="netbeans.autoupdate.language" value="en" />
    <property name="java.vendor" value="IcedTea" />
    <property name="libs.javaee-api-6.0.javadoc" value="/home/fluffy/netbeans/enterprise/docs/javaee-doc-api.jar" />
    <property name="sun.font.fontmanager" value="sun.awt.X11FontManager" />
    <property name="jar.index.metainf" value="false" />
    <property name="javac.debug" value="true" />
    <property name="javadoc.splitindex" value="true" />
    <property name="file.separator" value="/" />
    <property name="libs.Java-EE-GlassFish-v3-Prelude.maven-pom" value="" />
    <property name="libs.junit_4.maven-pom" value="" />
    <property name="mkdist.disabled" value="false" />
    <property name="javac.test.processorpath" value=":build/classes:/home/fluffy/netbeans/platform/modules/ext/junit-4.12.jar:/home/fluffy/netbeans/platform/modules/ext/hamcrest-core-1.3.jar" />
    <property name="netbeans.buildnumber" value="12.0-631bd69cd6112b1cc4c892c24e3e605b1ba04241" />
    <property name="libs.JWSAntTasks.javadoc" value="" />
    <property name="build.generated.sources.dir" value="build/generated-sources" />
    <property name="libs.eclipselinkmodelgen.classpath" value="/home/fluffy/netbeans/java/modules/ext/eclipselink/org.eclipse.persistence.jpa.modelgen.processor-2.5.2.jar" />
    <property name="libs.javaee-endorsed-api-7.0.src" value="" />
    <property name="sun.java.launcher" value="SUN_STANDARD" />
    <property name="libs.jaxb.javadoc" value="/home/fluffy/netbeans/ide/docs/jaxb-api-doc.jar" />
    <property name="libs.struts.classpath" value="/home/fluffy/netbeans/enterprise/modules/ext/struts/antlr-2.7.2.jar:/home/fluffy/netbeans/enterprise/modules/ext/struts/bsf-2.3.0.jar:/home/fluffy/netbeans/enterprise/modules/ext/struts/commons-beanutils-1.8.0.jar:/home/fluffy/netbeans/enterprise/modules/ext/struts/commons-chain-1.2.jar:/home/fluffy/netbeans/enterprise/modules/ext/struts/commons-digester-1.8.jar:/home/fluffy/netbeans/enterprise/modules/ext/struts/commons-fileupload-1.1.1.jar:/home/fluffy/netbeans/enterprise/modules/ext/struts/commons-io-1.1.jar:/home/fluffy/netbeans/enterprise/modules/ext/struts/commons-logging-1.0.4.jar:/home/fluffy/netbeans/enterprise/modules/ext/struts/commons-validator-1.3.1.jar:/home/fluffy/netbeans/enterprise/modules/ext/struts/jstl-1.0.2.jar:/home/fluffy/netbeans/enterprise/modules/ext/struts/oro-2.0.8.jar:/home/fluffy/netbeans/enterprise/modules/ext/struts/standard-1.0.6.jar:/home/fluffy/netbeans/enterprise/modules/ext/struts/struts-core-1.3.10.jar:/home/fluffy/netbeans/enterprise/modules/ext/struts/struts-el-1.3.10.jar:/home/fluffy/netbeans/enterprise/modules/ext/struts/struts-extras-1.3.10.jar:/home/fluffy/netbeans/enterprise/modules/ext/struts/struts-faces-1.3.10.jar:/home/fluffy/netbeans/enterprise/modules/ext/struts/struts-mailreader-dao-1.3.10.jar:/home/fluffy/netbeans/enterprise/modules/ext/struts/struts-scripting-1.3.10.jar:/home/fluffy/netbeans/enterprise/modules/ext/struts/struts-taglib-1.3.10.jar:/home/fluffy/netbeans/enterprise/modules/ext/struts/struts-tiles-1.3.10.jar" />
    <property name="org.openide.awt.SwingBrowserImpl.do-not-block-awt" value="false" />
    <property name="ant.home" value="/home/fluffy/netbeans/extide/ant" />
    <property name="libs.junit_4.src" value="/home/fluffy/netbeans/platform/docs/junit-4.12-sources.jar" />
    <property name="ant.file.type.NordstromEvaluation" value="file" />
    <property name="libs.testng.classpath" value="/home/fluffy/netbeans/platform/modules/ext/testng-6.8.1-dist.jar" />
    <property name="libs.absolutelayout.maven-pom" value="" />
    <property name="ant.java.version" value="1.8" />
    <property name="java.library.path" value="/usr/java/packages/lib/amd64:/usr/lib64:/lib64:/lib:/usr/lib" />
    <property name="javadoc.author" value="false" />
    <property name="libs.metro.maven-pom" value="" />
    <property name="libs.EclipseLink-GlassFish-v3.src" value="" />
    <property name="java.util.logging.config.class" value="org.netbeans.core.startup.TopLogging" />
    <property name="libs.spring-framework400.src" value="" />
    <property name="libs.PostgreSQLDriver.src" value="" />
    <property name="libs.spring-framework500.javadoc" value="" />
    <property name="sun.arch.data.model" value="64" />
    <property name="basedir" value="/home/fluffy/src/NordstromEvaluation" />
    <property name="libs.jpa20-persistence.maven-pom" value="" />
    <property name="jar.compress" value="false" />
    <property name="libs.javaee-web-api-7.0.classpath" value="/home/fluffy/netbeans/enterprise/modules/ext/javaee-web-api-7.0.jar" />
    <property name="path.separator" value=":" />
    <property name="libs.javaee-web-api-6.0.javadoc" value="/home/fluffy/netbeans/enterprise/docs/javaee-doc-api.jar" />
    <property name="ant.junit.enabletestlistenerevents" value="true" />
    <property name="sun.io.unicode.encoding" value="UnicodeLittle" />
    <property name="libs.jaxws21.classpath" value="/home/fluffy/netbeans/ide/modules/ext/jaxb/jaxb-impl.jar:/home/fluffy/netbeans/ide/modules/ext/jaxb/jaxb-xjc.jar:/home/fluffy/netbeans/java/modules/ext/jaxws22/FastInfoset.jar:/home/fluffy/netbeans/java/modules/ext/jaxws22/gmbal-api-only.jar:/home/fluffy/netbeans/java/modules/ext/jaxws22/ha-api.jar:/home/fluffy/netbeans/java/modules/ext/jaxws22/javax.mail_1.4.jar:/home/fluffy/netbeans/java/modules/ext/jaxws22/jaxws-rt.jar:/home/fluffy/netbeans/java/modules/ext/jaxws22/jaxws-tools.jar:/home/fluffy/netbeans/java/modules/ext/jaxws22/management-api.jar:/home/fluffy/netbeans/java/modules/ext/jaxws22/mimepull.jar:/home/fluffy/netbeans/java/modules/ext/jaxws22/policy.jar:/home/fluffy/netbeans/java/modules/ext/jaxws22/saaj-impl.jar:/home/fluffy/netbeans/java/modules/ext/jaxws22/stax-ex.jar:/home/fluffy/netbeans/java/modules/ext/jaxws22/stax2-api.jar:/home/fluffy/netbeans/java/modules/ext/jaxws22/streambuffer.jar:/home/fluffy/netbeans/java/modules/ext/jaxws22/woodstox-core-asl.jar:/home/fluffy/netbeans/java/modules/ext/jaxws22/api/jaxws-api.jar:/home/fluffy/netbeans/java/modules/ext/jaxws22/api/jsr181-api.jar:/home/fluffy/netbeans/java/modules/ext/jaxws22/api/javax.annotation.jar:/home/fluffy/netbeans/java/modules/ext/jaxws22/api/saaj-api.jar:/home/fluffy/netbeans/ide/modules/ext/jaxb/activation.jar:/home/fluffy/netbeans/ide/modules/ext/jaxb/api/jaxb-api.jar" />
    <property name="dist.jlink.output" value="dist/jlink/NordstromEvaluation" />
    <property name="libs.struts.src" value="" />
    <property name="compile.on.save" value="true" />
    <property name="apple.awt.graphics.UseQuartz" value="true" />
    <property name="user.language" value="en" />
    <property name="testng.mode" value="testng" />
    <property name="libs.JAXB-ENDORSED.maven-pom" value="" />
    <property name="libs.eclipselink.maven-pom" value="" />
    <property name="org.netbeans.io.suspend" value="0" />
    <property name="test.binaryincludes" value="&lt;nothing&gt;" />
    <property name="manifest.available" value="true" />
    <property name="libs.primefaces.javadoc" value="" />
    <property name="libs.spring-framework300.maven-pom" value="" />
    <property name="run.test.classpath" value=":build/classes:/home/fluffy/netbeans/platform/modules/ext/junit-4.12.jar:/home/fluffy/netbeans/platform/modules/ext/hamcrest-core-1.3.jar:build/test/classes" />
    <property name="ant.project.invoked-targets" value="test" />
    <property name="test.binaryexcludes" value="" />
    <property name="sun.java2d.dpiaware" value="true" />
    <property name="https.nonProxyHosts" value="localhost|127.0.0.1|gaga" />
    <property name="libs.PostgreSQLDriver.maven-pom" value="" />
    <property name="java.class.version" value="52.0" />
    <property name="libs.JAVADB_DRIVER_LABEL.classpath" value="/home/fluffy/glassfish-4.0/javadb/lib/derby.jar:/home/fluffy/glassfish-4.0/javadb/lib/derbyclient.jar:/home/fluffy/glassfish-4.0/javadb/lib/derbynet.jar" />
    <property name="libs.eclipselink.javadoc" value="" />
    <property name="libs.jsp-compilation.maven-pom" value="" />
    <property name="user.properties.file" value="/home/fluffy/.netbeans/12.0/build.properties" />
    <property name="runtime.encoding" value="UTF-8" />
    <property name="libs.javac-api.maven-pom" value="" />
    <property name="file.encoding.pkg" value="sun.io" />
    <property name="sun.cpu.endian" value="little" />
    <property name="libs.JAXB-ENDORSED.javadoc" value="" />
    <property name="libs.JWSAntTasks.classpath" value="/home/fluffy/netbeans/java/ant/extra/org-netbeans-modules-javawebstart-anttasks.jar" />
    <property name="libs.spring-webmvc4.0.maven-pom" value="" />
    <property name="libs.spring-framework300.src" value="" />
    <property name="libs.jstl.src" value="" />
    <property name="empty.dir" value="/home/fluffy/src/NordstromEvaluation/build/empty" />
    <property name="test.binarytestincludes" value="" />
    <property name="javadoc.preview" value="true" />
    <property name="libs.jpa20-persistence.javadoc" value="" />
    <property name="java.home" value="/opt/icedtea-bin-3.16.0/jre" />
    <property name="libs.jsp-compilation.src" value="" />
    <property name="debug.test.classpath" value=":build/classes:/home/fluffy/netbeans/platform/modules/ext/junit-4.12.jar:/home/fluffy/netbeans/platform/modules/ext/hamcrest-core-1.3.jar:build/test/classes" />
    <property name="libs.javaee-api-6.0.src" value="" />
    <property name="netbeans.importclass" value="org.netbeans.upgrade.AutoUpgrade" />
    <property name="ant.project.default-target" value="default" />
    <property name="annotation.processing.run.all.processors" value="true" />
    <property name="libs.PostgreSQLDriver.javadoc" value="" />
    <property name="libs.restlib.classpath" value="/home/fluffy/netbeans/enterprise/modules/ext/jersey2/ext/asm-all-repackaged-2.2.0-b21.jar:/home/fluffy/netbeans/enterprise/modules/ext/jersey2/ext/cglib-2.2.0-b21.jar:/home/fluffy/netbeans/enterprise/modules/ext/jersey2/ext/guava-14.0.1.jar:/home/fluffy/netbeans/enterprise/modules/ext/jersey2/ext/hk2-api-2.2.0-b21.jar:/home/fluffy/netbeans/enterprise/modules/ext/jersey2/ext/hk2-locator-2.2.0-b21.jar:/home/fluffy/netbeans/enterprise/modules/ext/jersey2/ext/hk2-utils-2.2.0-b21.jar:/home/fluffy/netbeans/enterprise/modules/ext/jersey2/ext/javax.annotation-api-1.2.jar:/home/fluffy/netbeans/enterprise/modules/ext/jersey2/ext/javax.inject-2.2.0-b21.jar:/home/fluffy/netbeans/enterprise/modules/ext/jersey2/ext/javax.servlet-api-3.0.1.jar:/home/fluffy/netbeans/enterprise/modules/ext/jersey2/ext/jaxb-api-2.2.7.jar:/home/fluffy/netbeans/enterprise/modules/ext/jersey2/ext/jersey-entity-filtering-2.5.1.jar:/home/fluffy/netbeans/enterprise/modules/ext/jersey2/ext/jersey-media-moxy-2.5.1.jar:/home/fluffy/netbeans/enterprise/modules/ext/jersey2/ext/org.osgi.core-4.2.0.jar:/home/fluffy/netbeans/enterprise/modules/ext/jersey2/ext/osgi-resource-locator-1.0.1.jar:/home/fluffy/netbeans/enterprise/modules/ext/jersey2/ext/persistence-api-1.0.jar:/home/fluffy/netbeans/enterprise/modules/ext/jersey2/ext/validation-api-1.1.0.Final.jar:/home/fluffy/netbeans/enterprise/modules/ext/jersey2/jersey-client.jar:/home/fluffy/netbeans/enterprise/modules/ext/jersey2/jersey-common.jar:/home/fluffy/netbeans/enterprise/modules/ext/jersey2/jersey-container-servlet.jar:/home/fluffy/netbeans/enterprise/modules/ext/jersey2/jersey-container-servlet-core.jar:/home/fluffy/netbeans/enterprise/modules/ext/jersey2/jersey-server.jar:/home/fluffy/netbeans/java/modules/ext/eclipselink/org.eclipse.persistence.core-2.5.2.jar:/home/fluffy/netbeans/java/modules/ext/eclipselink/org.eclipse.persistence.asm-2.5.2.jar:/home/fluffy/netbeans/java/modules/ext/eclipselink/org.eclipse.persistence.antlr-2.5.2.jar:/home/fluffy/netbeans/java/modules/ext/eclipselink/org.eclipse.persistence.jpa-2.5.2.jar:/home/fluffy/netbeans/java/modules/ext/eclipselink/org.eclipse.persistence.jpa.jpql-2.5.2.jar" />
    <property name="netbeans.extbrowser.manual_chrome_plugin_install" value="yes" />
    <property name="http.nonProxyHosts" value="localhost|127.0.0.1|gaga" />
    <property name="libs.junit_4.javadoc" value="/home/fluffy/netbeans/platform/docs/junit-4.12-javadoc.jar" />
    <property name="libs.EclipseLink-GlassFish-v3.maven-pom" value="" />
    <property name="javac.test.modulepath" value="" />
    <property name="libs.javaee-web-api-6.0.maven-pom" value="" />
    <property name="run.classpath" value=":build/classes" />
    <property name="jna.boot.library.name" value="jnidispatch-nb" />
    <property name="libs.javaee-api-7.0.classpath" value="/home/fluffy/netbeans/enterprise/modules/ext/javaee-api-7.0.jar" />
    <property name="sun.awt.datatransfer.timeout" value="1000" />
    <property name="libs.spring-webmvc3.0.javadoc" value="" />
    <property name="annotation.processing.enabled.in.editor" value="false" />
    <property name="nb.native.filechooser" value="false" />
    <property name="libs.restapi.src" value="" />
    <property name="sun.management.compiler" value="HotSpot 64-Bit Tiered Compilers" />
    <property name="javac.deprecation" value="false" />
    <property name="javadoc.use" value="true" />
    <property name="sun.java2d.noddraw" value="true" />
    <property name="libs.jsp-compiler.classpath" value="/home/fluffy/netbeans/enterprise/ant/extra/jspcompile.jar" />
    <property name="javac.processorpath" value="" />
    <property name="libs.hamcrest.maven-pom" value="" />
    <property name="libs.junit_5.classpath" value="/home/fluffy/netbeans/platform/modules/ext/junit-jupiter-api-5.6.0.jar:/home/fluffy/netbeans/platform/modules/ext/junit-jupiter-params-5.6.0.jar:/home/fluffy/netbeans/platform/modules/ext/junit-jupiter-engine-5.6.0.jar" />
    <property name="javac.compilerargs" value="" />
    <property name="ant.file" value="/home/fluffy/src/NordstromEvaluation/build.xml" />
    <property name="libs.jsf12.classpath" value="/home/fluffy/netbeans/enterprise/modules/ext/jsf-1_2/jsf-api.jar:/home/fluffy/netbeans/enterprise/modules/ext/jsf-1_2/jsf-impl.jar" />
    <property name="ant.file.NordstromEvaluation" value="/home/fluffy/src/NordstromEvaluation/build.xml" />
    <property name="libs.Java-EE-GlassFish-v3-Prelude.classpath" value="/home/fluffy/glassfish-4.0/mq/lib/jaxm-api.jar:/home/fluffy/glassfish-4.0/glassfish/modules/endorsed/jaxb-api-osgi.jar:/home/fluffy/glassfish-4.0/glassfish/modules/endorsed/webservices-api-osgi.jar:/home/fluffy/glassfish-4.0/glassfish/modules/endorsed/javax.annotation-api.jar:/home/fluffy/glassfish-4.0/glassfish/modules/javax.management.j2ee-api.jar:/home/fluffy/glassfish-4.0/glassfish/modules/weld-osgi-bundle.jar:/home/fluffy/glassfish-4.0/glassfish/modules/javax.servlet-api.jar:/home/fluffy/glassfish-4.0/glassfish/modules/javax.persistence.jar:/home/fluffy/glassfish-4.0/glassfish/modules/javax.inject.jar:/home/fluffy/glassfish-4.0/glassfish/modules/javax.enterprise.concurrent.jar:/home/fluffy/glassfish-4.0/glassfish/modules/javax.json.jar:/home/fluffy/glassfish-4.0/glassfish/modules/javax.enterprise.deploy-api.jar:/home/fluffy/glassfish-4.0/glassfish/modules/javax.enterprise.concurrent-api.jar:/home/fluffy/glassfish-4.0/glassfish/modules/javax.mail.jar:/home/fluffy/glassfish-4.0/glassfish/modules/javax.servlet.jsp.jar:/home/fluffy/glassfish-4.0/glassfish/modules/jaxb-osgi.jar:/home/fluffy/glassfish-4.0/glassfish/modules/javax.transaction-api.jar:/home/fluffy/glassfish-4.0/glassfish/modules/javax.security.jacc-api.jar:/home/fluffy/glassfish-4.0/glassfish/modules/bean-validator.jar:/home/fluffy/glassfish-4.0/glassfish/modules/javax.jms-api.jar:/home/fluffy/glassfish-4.0/glassfish/modules/javax.ejb-api.jar:/home/fluffy/glassfish-4.0/glassfish/modules/javax.websocket-api.jar:/home/fluffy/glassfish-4.0/glassfish/modules/javax.servlet.jsp.jstl.jar:/home/fluffy/glassfish-4.0/glassfish/modules/javax.servlet.jsp-api.jar:/home/fluffy/glassfish-4.0/glassfish/modules/javax.batch-api.jar:/home/fluffy/glassfish-4.0/glassfish/modules/javax.servlet.jsp.jstl-api.jar:/home/fluffy/glassfish-4.0/glassfish/modules/javax.interceptor-api.jar:/home/fluffy/glassfish-4.0/glassfish/modules/webservices-osgi.jar:/home/fluffy/glassfish-4.0/glassfish/modules/javax.xml.rpc-api.jar:/home/fluffy/glassfish-4.0/glassfish/modules/javax.faces.jar:/home/fluffy/glassfish-4.0/glassfish/modules/javax.xml.registry-api.jar:/home/fluffy/glassfish-4.0/glassfish/modules/javax.security.auth.message-api.jar:/home/fluffy/glassfish-4.0/glassfish/modules/javax.ws.rs-api.jar:/home/fluffy/glassfish-4.0/glassfish/modules/javax.el.jar:/home/fluffy/glassfish-4.0/glassfish/modules/javax.resource-api.jar" />
    <property name="libs.jstl.maven-pom" value="" />
    <property name="libs.restapi.maven-pom" value="" />
    <property name="java.vm.specification.vendor" value="Oracle Corporation" />
    <property name="org.openide.major.version" value="IDE/1" />
    <property name="java.vm.name" value="OpenJDK 64-Bit Server VM" />
    <property name="netbeans.user" value="/home/fluffy/.netbeans/12.0" />
    <property name="javadoc.additionalparam" value="" />
    <property name="java.io.tmpdir" value="/tmp" />
    <property name="java.vendor.url" value="https://icedtea.classpath.org" />
    <property name="endorsed.classpath.cmd.line.arg" value="" />
    <property name="jna.loaded" value="true" />
    <property name="junit.available" value="true" />
    <property name="libs.javaee-web-api-8.0.classpath" value="/home/fluffy/netbeans/enterprise/modules/ext/javaee-web-api-8.0.jar" />
    <property name="libs.jsp-compiler.src" value="" />
    <property name="sun.boot.library.path" value="/opt/icedtea-bin-3.16.0/jre/lib/amd64" />
    <property name="have.sources" value="true" />
    <property name="libs.hamcrest.javadoc" value="" />
    <property name="debug.classpath" value=":build/classes" />
    <property name="javac.external.vm" value="true" />
    <property name="javadoc.private" value="false" />
    <property name="test.src.dir" value="test" />
    <property name="libs.jsf20.classpath" value="/home/fluffy/netbeans/enterprise/modules/ext/jsf-2_2/javax.faces.jar" />
    <property name="ap.processors.internal" value="" />
    <property name="dist.jlink.dir" value="dist/jlink" />
    <property name="libs.javaee-api-8.0.javadoc" value="/home/fluffy/netbeans/enterprise/docs/javaee-doc-api.jar" />
    <property name="meta.inf.dir" value="src/META-INF" />
    <property name="javadoc.encoding.used" value="UTF-8" />
    <property name="dist.jar" value="dist/NordstromEvaluation.jar" />
    <property name="libs.spring-framework400.maven-pom" value="" />
    <property name="java.runtime.name" value="OpenJDK Runtime Environment" />
    <property name="debug.test.modulepath" value="" />
    <property name="ant.project.name" value="NordstromEvaluation" />
    <property name="ant.file.type.NordstromEvaluation-impl" value="file" />
    <property name="libs.spring-webmvc5.0.src" value="" />
    <property name="netbeans.hash.code" value="unique=05596333b-d352-49c3-8586-0cb7752e3f37_dd0b4c2e-b960-4dc8-b533-e61ebdd47e7e" />
    <property name="netbeans.default_userdir_root" value="/home/fluffy/.netbeans" />
    <property name="libs.jsp-compilation-syscp.maven-pom" value="" />
    <property name="sun.cpu.isalist" value="" />
    <property name="libs.spring-framework400.javadoc" value="" />
    <property name="libs.CopyLibs.javadoc" value="" />
    <property name="javadoc.html5" value="false" />
    <property name="org.openide.specification.version" value="6.2" />
    <property name="libs.maven-dependencies.maven-pom" value="" />
    <property name="user.home" value="/home/fluffy" />
    <property name="annotation.processing.processors.list" value="" />
    <property name="libs.primefaces.maven-pom" value="" />
    <property name="libs.javaee-api-6.0.maven-pom" value="" />
    <property name="libs.JWSAntTasks.src" value="" />
    <property name="jar.index" value="false" />
    <property name="libs.CopyLibs.maven-pom" value="" />
    <property name="libs.spring-framework300.javadoc" value="" />
    <property name="libs.absolutelayout.javadoc" value="" />
    <property name="guice.disable.misplaced.annotation.check" value="true" />
    <property name="java.specification.name" value="Java Platform API Specification" />
    <property name="libs.spring-webmvc5.0.maven-pom" value="" />
    <property name="do.archive+main.class.available" value="true" />
    <property name="java.specification.vendor" value="Oracle Corporation" />
    <property name="libs.javac-api.classpath" value="" />
    <property name="java.version" value="1.8.0_252" />
    <property name="run.jvmargs.ide" value="" />
    <property name="javadoc.version" value="false" />
    <property name="javac.processormodulepath" value="" />
    <property name="org.openide.version" value="deprecated" />
    <property name="platform.java" value="/opt/icedtea-bin-3.16.0/jre/bin/java" />
    <property name="source.encoding" value="UTF-8" />
    <property name="ap.cmd.line.internal" value="" />
    <property name="libs.eclipselinkmodelgen.maven-pom" value="" />
    <property name="libs.jsp-compilation-syscp.javadoc" value="" />
    <property name="libs.javaee-web-api-8.0.src" value="" />
    <property name="libs.eclipselinkmodelgen.javadoc" value="" />
    <property name="libs.javaee-endorsed-api-7.0.classpath" value="/home/fluffy/netbeans/enterprise/modules/ext/javaee7-endorsed/javax.annotation-api.jar:/home/fluffy/netbeans/enterprise/modules/ext/javaee7-endorsed/javax.xml.soap-api.jar:/home/fluffy/netbeans/enterprise/modules/ext/javaee7-endorsed/jaxb-api-osgi.jar:/home/fluffy/netbeans/enterprise/modules/ext/javaee7-endorsed/jaxws-api.jar:/home/fluffy/netbeans/enterprise/modules/ext/javaee7-endorsed/jsr181-api.jar" />
    <property name="libs.metro.javadoc" value="/home/fluffy/netbeans/enterprise/docs/webservices-api-javadoc.jar:/home/fluffy/netbeans/enterprise/docs/webservices-extra-javadoc.jar:/home/fluffy/netbeans/enterprise/docs/webservices-extra-api-javadoc.jar:/home/fluffy/netbeans/enterprise/docs/webservices-rt-javadoc.jar:/home/fluffy/netbeans/enterprise/docs/webservices-tools-javadoc.jar" />
    <property name="libs.struts.maven-pom" value="" />
    <property name="jnidispatch.path" value="/tmp/fluffy/.cache/JNA/temp/jna127552908503754188.tmp" />
    <property name="netbeans.home+have.tests" value="true" />
    <property name="annotation.processing.processor.options" value="" />
    <property name="libs.testng.maven-pom" value="" />
    <property name="libs.jaxb.src" value="" />
    <property name="work.dir" value="/home/fluffy/src/NordstromEvaluation" />
    <property name="libs.jaxb.classpath" value="/home/fluffy/netbeans/ide/modules/ext/jaxb/jaxb-impl.jar:/home/fluffy/netbeans/ide/modules/ext/jaxb/jaxb-xjc.jar:/home/fluffy/netbeans/ide/modules/ext/jaxb/jaxb1-impl.jar:/home/fluffy/netbeans/ide/modules/ext/jaxb/activation.jar:/home/fluffy/netbeans/ide/modules/ext/jaxb/api/jaxb-api.jar" />
    <property name="php.global.include.path" value="" />
    <property name="do.depend" value="false" />
    <property name="scala.class.path" value="" />
    <property name="dist.javadoc.dir" value="dist/javadoc" />
    <property name="libs.spring-webmvc3.0.classpath" value="/home/fluffy/netbeans/java/modules/ext/spring-3.0/spring-webmvc-3.2.7.RELEASE.jar" />
    <property name="libs.javaee-web-api-7.0.maven-pom" value="" />
    <property name="libs.restlib.src" value="" />
    <property name="javac.source" value="1.8" />
    <property name="build.generated.dir" value="build/generated" />
    <property name="line.separator" value="&#xa;" />
    <property name="libs.javaee-api-8.0.classpath" value="/home/fluffy/netbeans/enterprise/modules/ext/javaee-api-8.0.jar" />
    <property name="java.specification.version" value="1.8" />
    <property name="java.vm.info" value="mixed mode" />
    <property name="libs.jaxws21.maven-pom" value="" />
    <property name="nb.junit.batch" value="true" />
    <property name="junit.forkmode" value="perTest" />
    <property name="sun.boot.class.path" value="/opt/icedtea-bin-3.16.0/jre/lib/resources.jar:/opt/icedtea-bin-3.16.0/jre/lib/rt.jar:/opt/icedtea-bin-3.16.0/jre/lib/sunrsasign.jar:/opt/icedtea-bin-3.16.0/jre/lib/jsse.jar:/opt/icedtea-bin-3.16.0/jre/lib/jce.jar:/opt/icedtea-bin-3.16.0/jre/lib/charsets.jar:/opt/icedtea-bin-3.16.0/jre/lib/jfr.jar:/opt/icedtea-bin-3.16.0/jre/classes" />
    <property name="ant.file.NordstromEvaluation-impl" value="/home/fluffy/src/NordstromEvaluation/nbproject/build-impl.xml" />
    <property name="javac.target" value="1.8" />
    <property name="built-jar.properties" value="/home/fluffy/src/NordstromEvaluation/build/built-jar.properties" />
    <property name="build.test.classes.dir" value="build/test/classes" />
    <property name="src.dir" value="src" />
    <property name="javac.test.compilerargs" value="" />
    <property name="annotation.processing.enabled" value="true" />
    <property name="libs.jsf20.src" value="" />
    <property name="libs.jpa20-persistence.src" value="" />
    <property name="libs.jsf12.src" value="" />
    <property name="libs.JAVADB_DRIVER_LABEL.maven-pom" value="" />
    <property name="libs.struts.javadoc" value="/home/fluffy/netbeans/enterprise/docs/struts-1.3.10-javadoc.zip" />
    <property name="ignore.failing.tests" value="true" />
    <property name="libs.Comet-GlassFish-v3.classpath" value="" />
    <property name="libs.maven-dependencies.src" value="" />
    <property name="libs.javaee-web-api-7.0.src" value="" />
    <property name="libs.primefaces.src" value="" />
    <property name="dist.dir" value="dist" />
    <property name="libs.groovy-all.javadoc" value="" />
    <property name="jlink.launcher" value="true" />
    <property name="securerandom.source" value="file:/dev/./urandom" />
    <property name="testng.debug.mode" value="" />
    <property name="libs.groovy-all.classpath" value="/home/fluffy/netbeans/groovy/modules/ext/groovy.jar:/home/fluffy/netbeans/groovy/modules/ext/groovy-ant.jar" />
    <property name="javac.fork" value="true" />
    <property name="jlink.additionalparam" value="" />
    <property name="java.awt.printerjob" value="sun.print.PSPrinterJob" />
    <property name="default.javac.source" value="1.8" />
    <property name="debug-transport-by-os" value="dt_socket" />
    <property name="sun.jnu.encoding" value="UTF-8" />
    <property name="run.test.jvmargs" value="" />
    <property name="build.test.results.dir" value="build/test/results" />
    <property name="java.runtime.version" value="1.8.0_252-b09" />
    <property name="jna.platform.library.path" value="/usr/lib64:/lib64:/usr/lib:/lib:/usr/lib/gcc/x86_64-pc-linux-gnu/9.3.0:/usr/lib/gcc/x86_64-pc-linux-gnu/9.3.0/32:/usr/lib64/octave/5.2.0:/usr/lib64/itk4.1.0:/usr/lib64/itcl4.2.0:/usr/lib64/fltk:/usr/lib64/chromium:/usr/lib/llvm/10/lib64:/usr/lib/llvm/10/lib" />
    <property name="default.javac.target" value="1.8" />
    <property name="libs.junit_4.classpath" value="/home/fluffy/netbeans/platform/modules/ext/junit-4.12.jar" />
    <property name="user.timezone" value="" />
    <property name="nb.junit.single" value="false" />
    <property name="libs.JAVADB_DRIVER_LABEL.javadoc" value="" />
    <property name="netbeans.dirs" value="/home/fluffy/netbeans/nb:/home/fluffy/netbeans/ergonomics:/home/fluffy/netbeans/ide:/home/fluffy/netbeans/extide:/home/fluffy/netbeans/java:/home/fluffy/netbeans/apisupport:/home/fluffy/netbeans/webcommon:/home/fluffy/netbeans/websvccommon:/home/fluffy/netbeans/enterprise:/home/fluffy/netbeans/mobility:/home/fluffy/netbeans/profiler:/home/fluffy/netbeans/python:/home/fluffy/netbeans/php:/home/fluffy/netbeans/identity:/home/fluffy/netbeans/harness:/home/fluffy/netbeans/cnd:/home/fluffy/netbeans/cndext:/home/fluffy/netbeans/dlight:/home/fluffy/netbeans/groovy:/home/fluffy/netbeans/extra:/home/fluffy/netbeans/javacard:/home/fluffy/netbeans/javafx:/home/fluffy/netbeans/nbscala:" />
    <property name="libs.spring-framework500.maven-pom" value="" />
    <property name="libs.jsf20.javadoc" value="/home/fluffy/netbeans/enterprise/docs/javaee-doc-api.jar" />
    <property name="libs.jstl.javadoc" value="/home/fluffy/netbeans/enterprise/docs/javaee-doc-api.jar" />
    <property name="java.ext.dirs" value="/opt/icedtea-bin-3.16.0/jre/lib/ext:/usr/java/packages/lib/ext" />
    <property name="libs.metro.src" value="" />
    <property name="libs.absolutelayout.classpath" value="/home/fluffy/netbeans/java/modules/ext/AbsoluteLayout.jar" />
    <property name="excludes" value="" />
    <property name="libs.metro.classpath" value="/home/fluffy/netbeans/ide/modules/ext/jaxb/activation.jar:/home/fluffy/netbeans/enterprise/modules/ext/metro/webservices-api.jar:/home/fluffy/netbeans/enterprise/modules/ext/metro/webservices-extra-api.jar:/home/fluffy/netbeans/enterprise/modules/ext/metro/webservices-extra.jar:/home/fluffy/netbeans/enterprise/modules/ext/metro/webservices-rt.jar:/home/fluffy/netbeans/enterprise/modules/ext/metro/webservices-tools.jar" />
    <property name="libs.restlib.maven-pom" value="" />
    <property name="apple.laf.useScreenMenuBar" value="true" />
    <property name="java.class.path" value="/home/fluffy/src/NordstromEvaluation/build/classes:/home/fluffy/netbeans/platform/modules/ext/junit-4.12.jar:/home/fluffy/netbeans/platform/modules/ext/hamcrest-core-1.3.jar:/home/fluffy/src/NordstromEvaluation/build/test/classes:/home/fluffy/netbeans/extide/ant/lib/ant-launcher.jar:/home/fluffy/netbeans/extide/ant/lib/ant.jar:/home/fluffy/netbeans/extide/ant/lib/ant-junit.jar:/home/fluffy/netbeans/extide/ant/lib/ant-junit4.jar" />
    <property name="libs.absolutelayout.src" value="" />
    <property name="libs.jpa20-persistence.classpath" value="/home/fluffy/netbeans/java/modules/ext/eclipselink/javax.persistence-2.1.0.jar" />
    <property name="libs.junit_5.javadoc" value="/home/fluffy/netbeans/platform/docs/junit-jupiter-api-5.6.0-javadoc.jar:/home/fluffy/netbeans/platform/docs/junit-jupiter-params-5.6.0-javadoc.jar:/home/fluffy/netbeans/platform/docs/junit-jupiter-engine-5.6.0-javadoc.jar" />
    <property name="libs.spring-framework500.src" value="" />
    <property name="os.version" value="5.7.7-gentoo" />
    <property name="application.args" value="" />
    <property name="libs.EclipseLink-GlassFish-v3.javadoc" value="/home/fluffy/netbeans/enterprise/docs/javaee-doc-api.jar" />
    <property name="libs.javaee-api-7.0.maven-pom" value="" />
    <property name="main.class.available" value="true" />
    <property name="sun.awt.enableExtraMouseButtons" value="true" />
    <property name="jlink.launcher.name" value="NordstromEvaluation" />
    <property name="scala.home" value="/usr/share/scala" />
    <property name="libs.Comet-GlassFish-v3.src" value="" />
    <property name="libs.restlib.javadoc" value="" />
    <property name="libs.JAXB-ENDORSED.classpath" value="/home/fluffy/netbeans/ide/modules/ext/jaxb/api/jaxb-api.jar" />
    <property name="nb.internal.action.name" value="test" />
    <property name="run.test.modulepath" value="" />
    <property name="libs.javaee-api-7.0.javadoc" value="/home/fluffy/netbeans/enterprise/docs/javaee-doc-api.jar" />
    <property name="libs.eclipselink.classpath" value="/home/fluffy/netbeans/java/modules/ext/eclipselink/org.eclipse.persistence.core-2.5.2.jar:/home/fluffy/netbeans/java/modules/ext/eclipselink/org.eclipse.persistence.asm-2.5.2.jar:/home/fluffy/netbeans/java/modules/ext/eclipselink/org.eclipse.persistence.antlr-2.5.2.jar:/home/fluffy/netbeans/java/modules/ext/eclipselink/org.eclipse.persistence.jpa-2.5.2.jar:/home/fluffy/netbeans/java/modules/ext/eclipselink/org.eclipse.persistence.jpa.jpql-2.5.2.jar:/home/fluffy/netbeans/java/modules/ext/eclipselink/javax.persistence-2.1.0.jar" />
    <property name="java.awt.graphicsenv" value="sun.awt.X11GraphicsEnvironment" />
    <property name="java.vm.vendor" value="IcedTea" />
    <property name="libs.CopyLibs.classpath" value="/home/fluffy/netbeans/java/ant/extra/org-netbeans-modules-java-j2seproject-copylibstask.jar" />
    <property name="libs.javaee-api-8.0.src" value="" />
    <property name="libs.maven-dependencies.javadoc" value="/home/fluffy/netbeans/enterprise/docs/javaee-doc-api.jar" />
    <property name="libs.spring-framework300.classpath" value="/home/fluffy/netbeans/ide/modules/org-apache-commons-logging.jar:/home/fluffy/netbeans/java/modules/ext/cglib-2.2.jar:/home/fluffy/netbeans/java/modules/ext/spring-3.0/spring-aop-3.2.18.RELEASE.jar:/home/fluffy/netbeans/java/modules/ext/spring-3.0/spring-aspects-3.2.18.RELEASE.jar:/home/fluffy/netbeans/java/modules/ext/spring-3.0/spring-beans-3.2.18.RELEASE.jar:/home/fluffy/netbeans/java/modules/ext/spring-3.0/spring-context-3.2.18.RELEASE.jar:/home/fluffy/netbeans/java/modules/ext/spring-3.0/spring-context-support-3.2.18.RELEASE.jar:/home/fluffy/netbeans/java/modules/ext/spring-3.0/spring-core-3.2.18.RELEASE.jar:/home/fluffy/netbeans/java/modules/ext/spring-3.0/spring-expression-3.2.18.RELEASE.jar:/home/fluffy/netbeans/java/modules/ext/spring-3.0/spring-instrument-3.2.18.RELEASE.jar:/home/fluffy/netbeans/java/modules/ext/spring-3.0/spring-instrument-tomcat-3.2.18.RELEASE.jar:/home/fluffy/netbeans/java/modules/ext/spring-3.0/spring-jdbc-3.2.18.RELEASE.jar:/home/fluffy/netbeans/java/modules/ext/spring-3.0/spring-jms-3.2.18.RELEASE.jar:/home/fluffy/netbeans/java/modules/ext/spring-3.0/spring-orm-3.2.18.RELEASE.jar:/home/fluffy/netbeans/java/modules/ext/spring-3.0/spring-oxm-3.2.18.RELEASE.jar:/home/fluffy/netbeans/java/modules/ext/spring-3.0/spring-struts-3.2.18.RELEASE.jar:/home/fluffy/netbeans/java/modules/ext/spring-3.0/spring-test-3.2.18.RELEASE.jar:/home/fluffy/netbeans/java/modules/ext/spring-3.0/spring-tx-3.2.18.RELEASE.jar:/home/fluffy/netbeans/java/modules/ext/spring-3.0/spring-web-3.2.18.RELEASE.jar:/home/fluffy/netbeans/java/modules/ext/spring-3.0/spring-webmvc-3.2.18.RELEASE.jar:/home/fluffy/netbeans/java/modules/ext/spring-3.0/spring-webmvc-portlet-3.2.18.RELEASE.jar" />
    <property name="libs.jsp-compiler.maven-pom" value="" />
    <property name="libs.junit_5.maven-pom" value="" />
    <property name="libs.hamcrest.src" value="" />
    <property name="run.jvmargs" value="" />
    <property name="libs.JAXB-ENDORSED.src" value="" />
    <property name="dist.archive.excludes" value="" />
    <property name="libs.testng.javadoc" value="/home/fluffy/netbeans/platform/docs/testng-6.8.1-javadoc.zip" />
    <property name="libs.PostgreSQLDriver.classpath" value="/home/fluffy/netbeans/ide/modules/ext/postgresql-42.2.10.jar" />
    <property name="libs.jsf12.maven-pom" value="" />
    <property name="annotation.processing.source.output" value="build/generated-sources/ap-source-output" />
    <property name="main.class" value="nordstromeval.NordstromTest" />
    <property name="libs.CopyLibs.src" value="" />
    <property name="build.dir" value="build" />
    <property name="libs.jsp-compilation.classpath" value="/home/fluffy/netbeans/extide/ant/lib/ant.jar:/home/fluffy/netbeans/enterprise/modules/ext/servlet3.1-jsp2.3-api.jar:/home/fluffy/netbeans/enterprise/modules/ext/glassfish-jspparser-4.0.jar:/home/fluffy/netbeans/enterprise/modules/ext/jsf-2_2/javax.faces.jar:/home/fluffy/netbeans/enterprise/modules/ext/jstl-api.jar:/home/fluffy/netbeans/extide/ant/lib/ant-launcher.jar" />
    <property name="libs.javaee-web-api-8.0.javadoc" value="/home/fluffy/netbeans/enterprise/docs/javaee-doc-api.jar" />
    <property name="debug.modulepath" value="" />
    <property name="ant.version" value="Apache Ant(TM) version 1.10.4 compiled on June 19 2018" />
    <property name="file.encoding" value="UTF-8" />
    <property name="build.classes.excludes" value="**/*.java,**/*.form" />
    <property name="jdkBug6558476" value="false" />
    <property name="javadoc.nonavbar" value="false" />
    <property name="libs.spring-webmvc4.0.classpath" value="/home/fluffy/netbeans/java/modules/ext/spring-4/spring-webmvc-4.3.25.RELEASE.jar" />
    <property name="platform.active" value="default_platform" />
    <property name="libs.javaee-web-api-8.0.maven-pom" value="" />
    <property name="awt.toolkit" value="sun.awt.X11.XToolkit" />
    <property name="libs.javaee-web-api-7.0.javadoc" value="/home/fluffy/netbeans/enterprise/docs/javaee-doc-api.jar" />
  </properties>
  <testcase classname="nordstromeval.MemcacheTest" name="testLRUEvict" time="0.306" />
  <testcase classname="nordstromeval.MemcacheTest" name="testGet" time="0.301" />
  <testcase classname="nordstromeval.MemcacheTest" name="testRandomEvict" time="0.302" />
  <system-out><![CDATA[evict
get
random
]]></system-out>
  <system-err><![CDATA[]]></system-err>
</testsuite>
